<?xml version="1.0" encoding="UTF-8"?>
<testsuite name="RockPaperTest" tests="4" skipped="0" failures="0" errors="0" timestamp="2016-02-10T23:46:36" hostname="epicodus-61.local" time="0.001">
  <properties/>
  <testcase name="gameOutcome_rockLosesPaper_player2wins" classname="RockPaperTest" time="0.0"/>
  <testcase name="gameOutcome_paperTiesPaper_tie" classname="RockPaperTest" time="0.0"/>
  <testcase name="checkPlayer1Wins_rockBeatsScissors_true" classname="RockPaperTest" time="0.0"/>
  <testcase name="checkTie_rockTiesRock_true" classname="RockPaperTest" time="0.001"/>
  <system-out><![CDATA[]]></system-out>
  <system-err><![CDATA[]]></system-err>
</testsuite>
